<?xml version="1.0" encoding="UTF-8"?>
<!-- Generated by org.testng.reporters.JUnitReportReporter -->
<testsuite hostname="DESKTOP-4BPBE6F" failures="0" tests="5" name="Emailable_report.Invocation_count" time="0.025" errors="0" timestamp="2022-11-03T17:04:35 IST" skipped="0">
  <testcase classname="Emailable_report.Invocation_count" name="TC2" time="0.002"/>
  <system-out>
    <![CDATA[Running TC2]]>
  </system-out>
  <testcase classname="Emailable_report.Invocation_count" name="TC1" time="0.003"/>
  <system-out>
    <![CDATA[Runing TC1]]>
  </system-out>
  <testcase classname="Emailable_report.Invocation_count" name="TC2" time="0.002"/>
  <system-out>
    <![CDATA[Running TC2]]>
  </system-out>
  <testcase classname="Emailable_report.Invocation_count" name="TC2" time="0.003"/>
  <system-out>
    <![CDATA[Running TC2]]>
  </system-out>
  <testcase classname="Emailable_report.Invocation_count" name="TC1" time="0.015"/>
  <system-out>
    <![CDATA[Runing TC1]]>
  </system-out>
</testsuite> <!-- Emailable_report.Invocation_count -->
