<?xml version="1.0" encoding="UTF-8"?>
<!-- Generated by org.testng.reporters.JUnitReportReporter -->
<testsuite hostname="DESKTOP-4BPBE6F" failures="0" tests="2" name="Flags.Timeouts" time="0.029" errors="0" timestamp="2022-11-04T13:24:47 IST" skipped="0">
  <testcase classname="Flags.Timeouts" name="TC2" time="0.003"/>
  <system-out>
    <![CDATA[Running TC2]]>
  </system-out>
  <testcase classname="Flags.Timeouts" name="TC1" time="0.026"/>
  <system-out>
    <![CDATA[Running TC1]]>
  </system-out>
</testsuite> <!-- Flags.Timeouts -->
