<?xml version="1.0" encoding="UTF-8"?>
<!-- Generated by org.testng.reporters.JUnitReportReporter -->
<testsuite hostname="DESKTOP-4BPBE6F" failures="0" tests="2" name="MultiBrowsing.Multi" time="229.284" errors="0" timestamp="2022-11-05T16:54:07 IST" skipped="0">
  <testcase classname="MultiBrowsing.Multi" name="TC" time="67.619"/>
  <system-out/>
  <testcase classname="MultiBrowsing.Multi" name="TC" time="161.665"/>
  <system-out/>
</testsuite> <!-- MultiBrowsing.Multi -->
