<?xml version="1.0" encoding="UTF-8"?>
<!-- Generated by org.testng.reporters.JUnitReportReporter -->
<testsuite hostname="DESKTOP-4BPBE6F" failures="0" tests="1" name="ParallelExec.Parallel1" time="93.253" errors="0" timestamp="2022-12-20T13:47:21 IST" skipped="0">
  <testcase classname="ParallelExec.Parallel1" name="TC1" time="93.253"/>
  <system-out/>
</testsuite> <!-- ParallelExec.Parallel1 -->
