<?xml version="1.0" encoding="UTF-8"?>
<!-- Generated by org.testng.reporters.JUnitReportReporter -->
<testsuite hostname="DESKTOP-4BPBE6F" failures="0" tests="3" name="batch_Execution.A" time="0.007" errors="0" timestamp="2022-12-20T13:28:38 IST" skipped="0">
  <testcase classname="batch_Execution.A" name="TC3" time="0.003"/>
  <system-out>
    <![CDATA[Running TC3]]>
  </system-out>
  <testcase classname="batch_Execution.A" name="TC1" time="0.003"/>
  <system-out>
    <![CDATA[Running TC1]]>
  </system-out>
  <testcase classname="batch_Execution.A" name="TC2" time="0.001"/>
  <system-out>
    <![CDATA[Running TC2]]>
  </system-out>
</testsuite> <!-- batch_Execution.A -->
