<?xml version="1.0" encoding="UTF-8"?>
<!-- Generated by org.testng.reporters.JUnitReportReporter -->
<testsuite hostname="DESKTOP-4BPBE6F" failures="0" tests="2" name="MultiBrowsing.Multibrowsing" time="92.189" errors="0" timestamp="2022-11-04T23:29:19 IST" skipped="0">
  <testcase classname="MultiBrowsing.Multibrowsing" name="Chrome" time="43.902"/>
  <system-out/>
  <testcase classname="MultiBrowsing.Multibrowsing" name="Chrome" time="48.287"/>
  <system-out/>
</testsuite> <!-- MultiBrowsing.Multibrowsing -->
