<?xml version="1.0" encoding="UTF-8"?>
<!-- Generated by org.testng.reporters.JUnitReportReporter -->
<testsuite hostname="DESKTOP-4BPBE6F" failures="0" tests="1" name="Assert.Assert_true" time="0.019" errors="0" timestamp="2022-11-07T18:50:35 IST" skipped="0">
  <testcase classname="Assert.Assert_true" name="TC3" time="0.019"/>
  <system-out>
    <![CDATA[RunningTC3]]>
  </system-out>
</testsuite> <!-- Assert.Assert_true -->
