<?xml version="1.0" encoding="UTF-8"?>
<!-- Generated by org.testng.reporters.JUnitReportReporter -->
<testsuite hostname="DESKTOP-4BPBE6F" failures="0" tests="2" name="DisableTC.usingSuitLevelChanges" time="0.017" errors="0" timestamp="2022-11-04T18:41:00 IST" skipped="0">
  <testcase classname="DisableTC.usingSuitLevelChanges" name="TC3" time="0.002"/>
  <system-out>
    <![CDATA[Running TC3]]>
  </system-out>
  <testcase classname="DisableTC.usingSuitLevelChanges" name="TC1" time="0.015"/>
  <system-out>
    <![CDATA[Running TC1]]>
  </system-out>
</testsuite> <!-- DisableTC.usingSuitLevelChanges -->
