<?xml version="1.0" encoding="UTF-8"?>
<!-- Generated by org.testng.reporters.JUnitReportReporter -->
<testsuite hostname="DESKTOP-4BPBE6F" failures="0" tests="3" name="Emailable_report.A" time="0.020" errors="0" timestamp="2022-11-03T17:31:15 IST" skipped="0">
  <testcase classname="Emailable_report.A" name="TC3" time="0.014"/>
  <system-out>
    <![CDATA[Running TC3]]>
  </system-out>
  <testcase classname="Emailable_report.A" name="TC2" time="0.003"/>
  <system-out>
    <![CDATA[Running TC2]]>
  </system-out>
  <testcase classname="Emailable_report.A" name="TC1" time="0.003"/>
  <system-out>
    <![CDATA[Running TC1]]>
  </system-out>
</testsuite> <!-- Emailable_report.A -->
