<?xml version="1.0" encoding="UTF-8"?>
<!-- Generated by org.testng.reporters.JUnitReportReporter -->
<testsuite hostname="DESKTOP-4BPBE6F" failures="0" tests="2" name="MultiBrowsing.Multibrowsing1" time="42.041" errors="0" timestamp="2022-11-04T23:31:49 IST" skipped="0">
  <testcase classname="MultiBrowsing.Multibrowsing1" name="TC" time="14.196"/>
  <system-out/>
  <testcase classname="MultiBrowsing.Multibrowsing1" name="TC" time="27.845"/>
  <system-out/>
</testsuite> <!-- MultiBrowsing.Multibrowsing1 -->
