<?xml version="1.0" encoding="UTF-8"?>
<!-- Generated by org.testng.reporters.JUnitReportReporter -->
<testsuite hostname="DESKTOP-4BPBE6F" failures="0" tests="3" name="Flags.Enabled" time="0.016" errors="0" timestamp="2022-11-03T17:29:26 IST" skipped="1">
  <testcase classname="Flags.Enabled" name="TC2" time="0.015"/>
  <system-out>
    <![CDATA[Runnig TC2]]>
  </system-out>
  <testcase classname="Flags.Enabled" name="TC3" time="0.001"/>
  <system-out>
    <![CDATA[Runnig TC3]]>
  </system-out>
  <testcase classname="Flags.Enabled" name="TC1">
    <skipped/>
  </testcase> <!-- TC1 -->
  <system-out/>
</testsuite> <!-- Flags.Enabled -->
