<?xml version="1.0" encoding="UTF-8"?>
<!-- Generated by org.testng.reporters.JUnitReportReporter -->
<testsuite hostname="DESKTOP-4BPBE6F" failures="0" tests="3" name="DisableTC.UsingTestNGFlag" time="0.012" errors="0" timestamp="2022-12-22T15:17:10 IST" skipped="1">
  <testcase classname="DisableTC.UsingTestNGFlag" name="TC2" time="0.010"/>
  <system-out>
    <![CDATA[Running TC2]]>
  </system-out>
  <testcase classname="DisableTC.UsingTestNGFlag" name="TC3" time="0.002"/>
  <system-out>
    <![CDATA[Running TC3]]>
  </system-out>
  <testcase classname="DisableTC.UsingTestNGFlag" name="TC1">
    <skipped/>
  </testcase> <!-- TC1 -->
  <system-out/>
</testsuite> <!-- DisableTC.UsingTestNGFlag -->
