<?xml version="1.0" encoding="UTF-8"?>
<!-- Generated by org.testng.reporters.JUnitReportReporter -->
<testsuite hostname="DESKTOP-4BPBE6F" failures="0" tests="1" name="ParallelExec.Parallel3" time="144.602" errors="0" timestamp="2022-12-20T13:47:21 IST" skipped="0">
  <testcase classname="ParallelExec.Parallel3" name="TC1" time="144.602"/>
  <system-out/>
</testsuite> <!-- ParallelExec.Parallel3 -->
