<?xml version="1.0" encoding="UTF-8"?>
<!-- Generated by org.testng.reporters.JUnitReportReporter -->
<testsuite hostname="DESKTOP-4BPBE6F" failures="0" tests="1" name="Assert.Assert_equals" time="0.012" errors="0" timestamp="2022-11-18T19:08:57 IST" skipped="0">
  <testcase classname="Assert.Assert_equals" name="TC1" time="0.012"/>
  <system-out/>
</testsuite> <!-- Assert.Assert_equals -->
