<?xml version="1.0" encoding="UTF-8"?>
<!-- Generated by org.testng.reporters.JUnitReportReporter -->
<testsuite hostname="DESKTOP-4BPBE6F" failures="0" tests="3" name="batch_Execution.C" time="0.027" errors="0" timestamp="2022-12-20T13:28:38 IST" skipped="0">
  <testcase classname="batch_Execution.C" name="TC7" time="0.022"/>
  <system-out>
    <![CDATA[Running TC7]]>
  </system-out>
  <testcase classname="batch_Execution.C" name="TC9" time="0.003"/>
  <system-out>
    <![CDATA[Running TC9]]>
  </system-out>
  <testcase classname="batch_Execution.C" name="TC8" time="0.002"/>
  <system-out>
    <![CDATA[Running TC8]]>
  </system-out>
</testsuite> <!-- batch_Execution.C -->
